[debug] [2019-08-19T21:22:04.251Z] ----------------------------------------------------------------------
[debug] [2019-08-19T21:22:04.260Z] Command:       C:\Program Files\nodejs\node.exe C:\Users\Георги Караманев\AppData\Roaming\npm\node_modules\firebase-tools\lib\bin\firebase.js deploy
[debug] [2019-08-19T21:22:04.261Z] CLI Version:   7.2.2
[debug] [2019-08-19T21:22:04.261Z] Platform:      win32
[debug] [2019-08-19T21:22:04.261Z] Node Version:  v10.9.0
[debug] [2019-08-19T21:22:04.272Z] Time:          Tue Aug 20 2019 00:22:04 GMT+0300 (GMT+03:00)
[debug] [2019-08-19T21:22:04.272Z] ----------------------------------------------------------------------
[debug] 
[debug] [2019-08-19T21:22:04.297Z] > command requires scopes: ["email","openid","https://www.googleapis.com/auth/cloudplatformprojects.readonly","https://www.googleapis.com/auth/firebase","https://www.googleapis.com/auth/cloud-platform"]
[debug] [2019-08-19T21:22:04.299Z] > authorizing via signed-in user
[debug] [2019-08-19T21:22:04.301Z] [iam] checking project karamanev-8ee59 for permissions ["firebase.projects.get","firebasehosting.sites.update"]
[debug] [2019-08-19T21:22:04.305Z] >>> HTTP REQUEST POST https://cloudresourcemanager.googleapis.com/v1/projects/karamanev-8ee59:testIamPermissions  

[debug] [2019-08-19T21:22:05.346Z] <<< HTTP RESPONSE 200
[debug] [2019-08-19T21:22:05.349Z] >>> HTTP REQUEST GET https://firebase.googleapis.com/v1beta1/projects/karamanev-8ee59  
 
[debug] [2019-08-19T21:22:05.643Z] <<< HTTP RESPONSE 200
[info] 
[info] === Deploying to 'karamanev-8ee59'...
[info] 
[info] i  deploying hosting
[debug] [2019-08-19T21:22:05.649Z] >>> HTTP REQUEST POST https://firebasehosting.googleapis.com/v1beta1/sites/karamanev-8ee59/versions  

[debug] [2019-08-19T21:22:06.639Z] <<< HTTP RESPONSE 500
[debug] [2019-08-19T21:22:06.639Z] <<< HTTP RESPONSE BODY
[error] 
[error] Error: HTTP Error: 500, Internal error encountered.
[debug] [2019-08-19T21:22:06.734Z] Error Context: {
  "body": {
    "error": {
      "code": 500,
      "message": "Internal error encountered.",
      "status": "INTERNAL"
    }
  },
  "response": {
    "statusCode": 500,
    "body": {
      "error": {
        "code": 500,
        "message": "Internal error encountered.",
        "status": "INTERNAL"
      }
    },
    "headers": {
      "vary": "X-Origin, Referer, Origin,Accept-Encoding",
      "content-type": "application/json; charset=UTF-8",
      "date": "Mon, 19 Aug 2019 21:22:05 GMT",
      "server": "ESF",
      "cache-control": "private",
      "x-xss-protection": "0",
      "x-frame-options": "SAMEORIGIN",
      "x-content-type-options": "nosniff",
      "alt-svc": "quic=\":443\"; ma=2592000; v=\"46,43,39\"",
      "accept-ranges": "none",
      "transfer-encoding": "chunked"
    },
    "request": {
      "uri": {
        "protocol": "https:",
        "slashes": true,
        "auth": null,
        "host": "firebasehosting.googleapis.com",
        "port": 443,
        "hostname": "firebasehosting.googleapis.com",
        "hash": null,
        "search": null,
        "query": null,
        "pathname": "/v1beta1/sites/karamanev-8ee59/versions",
        "path": "/v1beta1/sites/karamanev-8ee59/versions",
        "href": "https://firebasehosting.googleapis.com/v1beta1/sites/karamanev-8ee59/versions"
      },
      "method": "POST"
    }
  }
}
